============================= test session starts ==============================
platform darwin -- Python 3.9.6, pytest-8.4.2, pluggy-1.6.0
rootdir: /Users/kehlween/Documents/GitHub/ai-master-challenge/submissions/oficina-martech/solution
configfile: pytest.ini
testpaths: tests
plugins: anyio-4.12.1
collected 31 items

tests/test_actions.py .....                                              [ 16%]
tests/test_db.py ...                                                     [ 25%]
tests/test_scoring.py .......................                            [100%]

============================== 31 passed in 0.47s ==============================
